<?xml version="1.0" encoding="UTF-8"?>
<!-- Generated by org.testng.reporters.JUnitReportReporter -->
<testsuite skipped="0" hostname="DESKTOP-H79F4J9" name="com.qa.test.GetAPITest" tests="1" failures="0" timestamp="18 Nov 2018 09:50:03 GMT" time="1.322" errors="0">
  <testcase name="getTest" time="1.322" classname="com.qa.test.GetAPITest"/>
</testsuite> <!-- com.qa.test.GetAPITest -->
